Using pre-set license
Built from '2022.3/staging' branch; Version is '2022.3.26f1 (ec6cd8118806) revision 15494360'; Using compiler version '192829333'; Build Type 'Release'
OS: 'Windows 10  (10.0.19045) 64bit Core' Language: 'en' Physical Memory: 8050 MB
BatchMode: 1, IsHumanControllingUs: 0, StartBugReporterOnCrash: 0, Is64bit: 1, IsPro: 1

COMMAND LINE ARGUMENTS:
C:\Program Files\Unity\Hub\Editor\2022.3.26f1\Editor\Unity.exe
-adb2
-batchMode
-noUpm
-name
AssetImportWorker0
-projectPath
C:/Users/keari/Desktop/GitHub/Project-Kazooie-Unity3D
-logFile
Logs/AssetImportWorker0.log
-srvPort
56113
Successfully changed project path to: C:/Users/keari/Desktop/GitHub/Project-Kazooie-Unity3D
C:/Users/keari/Desktop/GitHub/Project-Kazooie-Unity3D
[UnityMemory] Configuration Parameters - Can be set up in boot.config
    "memorysetup-bucket-allocator-granularity=16"
    "memorysetup-bucket-allocator-bucket-count=8"
    "memorysetup-bucket-allocator-block-size=33554432"
    "memorysetup-bucket-allocator-block-count=8"
    "memorysetup-main-allocator-block-size=16777216"
    "memorysetup-thread-allocator-block-size=16777216"
    "memorysetup-gfx-main-allocator-block-size=16777216"
    "memorysetup-gfx-thread-allocator-block-size=16777216"
    "memorysetup-cache-allocator-block-size=4194304"
    "memorysetup-typetree-allocator-block-size=2097152"
    "memorysetup-profiler-bucket-allocator-granularity=16"
    "memorysetup-profiler-bucket-allocator-bucket-count=8"
    "memorysetup-profiler-bucket-allocator-block-size=33554432"
    "memorysetup-profiler-bucket-allocator-block-count=8"
    "memorysetup-profiler-allocator-block-size=16777216"
    "memorysetup-profiler-editor-allocator-block-size=1048576"
    "memorysetup-temp-allocator-size-main=16777216"
    "memorysetup-job-temp-allocator-block-size=2097152"
    "memorysetup-job-temp-allocator-block-size-background=1048576"
    "memorysetup-job-temp-allocator-reduction-small-platforms=262144"
    "memorysetup-allocator-temp-initial-block-size-main=262144"
    "memorysetup-allocator-temp-initial-block-size-worker=262144"
    "memorysetup-temp-allocator-size-background-worker=32768"
    "memorysetup-temp-allocator-size-job-worker=262144"
    "memorysetup-temp-allocator-size-preload-manager=33554432"
    "memorysetup-temp-allocator-size-nav-mesh-worker=65536"
    "memorysetup-temp-allocator-size-audio-worker=65536"
    "memorysetup-temp-allocator-size-cloud-worker=32768"
    "memorysetup-temp-allocator-size-gi-baking-worker=262144"
    "memorysetup-temp-allocator-size-gfx=262144"
Player connection [10604] Host "[IP] 172.17.16.1 [Port] 0 [Flags] 2 [Guid] 2191256838 [EditorId] 2191256838 [Version] 1048832 [Id] WindowsEditor(7,DESKTOP-U1EETV7) [Debug] 1 [PackageName] WindowsEditor [ProjectName] Editor" joined multi-casting on [225.0.0.222:54997]...

Player connection [10604] Host "[IP] 172.17.16.1 [Port] 0 [Flags] 2 [Guid] 2191256838 [EditorId] 2191256838 [Version] 1048832 [Id] WindowsEditor(7,DESKTOP-U1EETV7) [Debug] 1 [PackageName] WindowsEditor [ProjectName] Editor" joined alternative multi-casting on [225.0.0.222:34997]...

[Physics::Module] Initialized MultithreadedJobDispatcher with 7 workers.
Refreshing native plugins compatible for Editor in 55.68 ms, found 2 plugins.
Preloading 0 native plugins for Editor in 0.00 ms.
Initialize engine version: 2022.3.26f1 (ec6cd8118806)
[Subsystems] Discovering subsystems at path C:/Program Files/Unity/Hub/Editor/2022.3.26f1/Editor/Data/Resources/UnitySubsystems
[Subsystems] Discovering subsystems at path C:/Users/keari/Desktop/GitHub/Project-Kazooie-Unity3D/Assets
GfxDevice: creating device client; threaded=0; jobified=0
Direct3D:
    Version:  Direct3D 11.0 [level 11.1]
    Renderer: Intel(R) UHD Graphics 620 (ID=0x5917)
    Vendor:   Intel
    VRAM:     4025 MB
    Driver:   30.0.101.1338
Shader 'Custom/AdditiveTintable': fallback shader 'Particles/Additive (Soft)' not found
Shader 'Enviro/Lite/SkyboxSimple': fallback shader 'None' not found
Initialize mono
Mono path[0] = 'C:/Program Files/Unity/Hub/Editor/2022.3.26f1/Editor/Data/Managed'
Mono path[1] = 'C:/Program Files/Unity/Hub/Editor/2022.3.26f1/Editor/Data/MonoBleedingEdge/lib/mono/unityjit-win32'
Mono config path = 'C:/Program Files/Unity/Hub/Editor/2022.3.26f1/Editor/Data/MonoBleedingEdge/etc'
Using monoOptions --debugger-agent=transport=dt_socket,embedding=1,server=y,suspend=n,address=127.0.0.1:56704
Begin MonoManager ReloadAssembly
Registering precompiled unity dll's ...
Register platform support module: C:/Program Files/Unity/Hub/Editor/2022.3.26f1/Editor/Data/PlaybackEngines/WebGLSupport/UnityEditor.WebGL.Extensions.dll
Register platform support module: C:/Program Files/Unity/Hub/Editor/2022.3.26f1/Editor/Data/PlaybackEngines/MacStandaloneSupport/UnityEditor.OSXStandalone.Extensions.dll
Register platform support module: C:/Program Files/Unity/Hub/Editor/2022.3.26f1/Editor/Data/PlaybackEngines/AndroidPlayer/UnityEditor.Android.Extensions.dll
Register platform support module: C:/Program Files/Unity/Hub/Editor/2022.3.26f1/Editor/Data/PlaybackEngines/iOSSupport/UnityEditor.iOS.Extensions.dll
Register platform support module: C:/Program Files/Unity/Hub/Editor/2022.3.26f1/Editor/Data/PlaybackEngines/WindowsStandaloneSupport/UnityEditor.WindowsStandalone.Extensions.dll
Register platform support module: C:/Program Files/Unity/Hub/Editor/2022.3.26f1/Editor/Data/PlaybackEngines/LinuxStandaloneSupport/UnityEditor.LinuxStandalone.Extensions.dll
Registered in 0.054053 seconds.
- Loaded All Assemblies, in  1.492 seconds
Native extension for LinuxStandalone target not found
Native extension for WindowsStandalone target not found
[usbmuxd] Start listen thread
[usbmuxd] Listen thread started
Native extension for iOS target not found
Native extension for Android target not found
Android Extension - Scanning For ADB Devices 1002 ms
Native extension for OSXStandalone target not found
Native extension for WebGL target not found
Mono: successfully reloaded assembly
- Finished resetting the current domain, in  1.939 seconds
Domain Reload Profiling: 3424ms
	BeginReloadAssembly (383ms)
		ExecutionOrderSort (0ms)
		DisableScriptedObjects (0ms)
		BackupInstance (0ms)
		ReleaseScriptingObjects (0ms)
		CreateAndSetChildDomain (1ms)
	RebuildCommonClasses (307ms)
	RebuildNativeTypeToScriptingClass (35ms)
	initialDomainReloadingComplete (197ms)
	LoadAllAssembliesAndSetupDomain (563ms)
		LoadAssemblies (383ms)
		RebuildTransferFunctionScriptingTraits (0ms)
		AnalyzeDomain (552ms)
			TypeCache.Refresh (547ms)
				TypeCache.ScanAssembly (504ms)
			ScanForSourceGeneratedMonoScriptInfo (1ms)
			ResolveRequiredComponents (1ms)
	FinalizeReload (1940ms)
		ReleaseScriptCaches (0ms)
		RebuildScriptCaches (0ms)
		SetupLoadedEditorAssemblies (1780ms)
			LogAssemblyErrors (0ms)
			InitializePlatformSupportModulesInManaged (1372ms)
			SetLoadedEditorAssemblies (9ms)
			RefreshPlugins (0ms)
			BeforeProcessingInitializeOnLoad (5ms)
			ProcessInitializeOnLoadAttributes (302ms)
			ProcessInitializeOnLoadMethodAttributes (92ms)
			AfterProcessingInitializeOnLoad (0ms)
			EditorAssembliesLoaded (0ms)
		ExecutionOrderSort2 (0ms)
		AwakeInstancesAfterBackupRestoration (0ms)
========================================================================
Worker process is ready to serve import requests
Begin MonoManager ReloadAssembly
- Loaded All Assemblies, in  1.794 seconds
Refreshing native plugins compatible for Editor in 71.72 ms, found 2 plugins.
Native extension for LinuxStandalone target not found
Native extension for WindowsStandalone target not found
Native extension for iOS target not found
Native extension for Android target not found
Native extension for OSXStandalone target not found
Native extension for WebGL target not found
Package Manager log level set to [2]
[Package Manager] Server::EnsureServerProcessIsRunning -- launch failed, reason: Unity was launched with the -noUpm command-line argument
[Package Manager] UpmClient::Send -- Unable to send message (not connected to UPM process).
[Package Manager] Cannot connect to Unity Package Manager local server
Mono: successfully reloaded assembly
- Finished resetting the current domain, in  2.320 seconds
Domain Reload Profiling: 4105ms
	BeginReloadAssembly (344ms)
		ExecutionOrderSort (0ms)
		DisableScriptedObjects (12ms)
		BackupInstance (0ms)
		ReleaseScriptingObjects (0ms)
		CreateAndSetChildDomain (46ms)
	RebuildCommonClasses (72ms)
	RebuildNativeTypeToScriptingClass (28ms)
	initialDomainReloadingComplete (98ms)
	LoadAllAssembliesAndSetupDomain (1241ms)
		LoadAssemblies (1053ms)
		RebuildTransferFunctionScriptingTraits (0ms)
		AnalyzeDomain (392ms)
			TypeCache.Refresh (293ms)
				TypeCache.ScanAssembly (245ms)
			ScanForSourceGeneratedMonoScriptInfo (25ms)
			ResolveRequiredComponents (72ms)
	FinalizeReload (2322ms)
		ReleaseScriptCaches (0ms)
		RebuildScriptCaches (0ms)
		SetupLoadedEditorAssemblies (1776ms)
			LogAssemblyErrors (0ms)
			InitializePlatformSupportModulesInManaged (192ms)
			SetLoadedEditorAssemblies (6ms)
			RefreshPlugins (0ms)
			BeforeProcessingInitializeOnLoad (106ms)
			ProcessInitializeOnLoadAttributes (814ms)
			ProcessInitializeOnLoadMethodAttributes (624ms)
			AfterProcessingInitializeOnLoad (34ms)
			EditorAssembliesLoaded (1ms)
		ExecutionOrderSort2 (0ms)
		AwakeInstancesAfterBackupRestoration (63ms)
Shader 'Custom/AdditiveTintable': fallback shader 'Particles/Additive (Soft)' not found
Shader 'Enviro/Lite/SkyboxSimple': fallback shader 'None' not found
Launched and connected shader compiler UnityShaderCompiler.exe after 0.16 seconds
Refreshing native plugins compatible for Editor in 269.55 ms, found 2 plugins.
Preloading 0 native plugins for Editor in 0.00 ms.
Unloading 2642 Unused Serialized files (Serialized files now loaded: 0)
Unloading 146 unused Assets / (1.2 MB). Loaded Objects now: 3034.
Memory consumption went from 315.1 MB to 313.9 MB.
Total: 14.546800 ms (FindLiveObjects: 0.656700 ms CreateObjectMapping: 0.476400 ms MarkObjects: 10.621700 ms  DeleteObjects: 2.788900 ms)

AssetImportParameters requested are different than current active one (requested -> active):
  custom:video-decoder-webm-vp8: 9c59270c3fd7afecdb556c50c9e8de78 -> 
  custom:SearchIndexIgnoredProperties: e643bd26f0fe6173181afceb89e7c659 -> 
  custom:container-demuxer-ogg: 62fdf1f143b41e24485cea50d1cbac27 -> 
  custom:AudioImporter_EditorPlatform: d09bf68614088b80899f8185d706f6e7 -> 
  custom:video-decoder-ogg-theora: a1e56fd34408186e4bbccfd4996cb3dc -> 
  custom:framework-win-MediaFoundation: 216162199b28c13a410421893ffa2e32 -> 
  custom:video-encoder-webm-vp8: eb34c28f22e8b96e1ab97ce403110664 -> 
  custom:audio-decoder-ogg-vorbis: bf7c407c2cedff20999df2af8eb42d56 -> 
  custom:CustomObjectIndexerAttribute: 9a22284fe3817be447336de3de66b15e -> 
  custom:container-demuxer-webm: 4f35f7cbe854078d1ac9338744f61a02 -> 
  custom:audio-encoder-webm-vorbis: bf7c407c2cedff20999df2af8eb42d56 -> 
  custom:container-muxer-webm: aa71ff27fc2769a1b78a27578f13a17b -> 
========================================================================
Received Import Request.
  Time since last request: 99271.523230 seconds.
  path: Assets/Banjo Kazooie - Assests/Rips/Gruntilda's Lair (Part 1)/textures/Shape.180.bmp
  artifactKey: Guid(d596b1deef02ffa449ca9995ad837e73) Importer(815301076,1909f56bfc062723c751e8b465ee728b)
Start importing Assets/Banjo Kazooie - Assests/Rips/Gruntilda's Lair (Part 1)/textures/Shape.180.bmp using Guid(d596b1deef02ffa449ca9995ad837e73) Importer(815301076,1909f56bfc062723c751e8b465ee728b)  -> (artifact id: 'eb14224087fb2544fea71801cbf967f8') in 0.132297 seconds
Number of updated asset objects reloaded before import = 0
Number of asset objects unloaded after import = 2
========================================================================
Received Import Request.
  Time since last request: 14.889494 seconds.
  path: Assets/Banjo Kazooie - Assests/Rips/Gruntilda's Lair (Part 1)/textures/Shape.6.bmp
  artifactKey: Guid(adea966b0657d274cb7968668c1aca6f) Importer(815301076,1909f56bfc062723c751e8b465ee728b)
Start importing Assets/Banjo Kazooie - Assests/Rips/Gruntilda's Lair (Part 1)/textures/Shape.6.bmp using Guid(adea966b0657d274cb7968668c1aca6f) Importer(815301076,1909f56bfc062723c751e8b465ee728b)  -> (artifact id: '2f4d3936283986bfbf056259a98caf8d') in 0.009770 seconds
Number of updated asset objects reloaded before import = 0
Number of asset objects unloaded after import = 2
========================================================================
Received Import Request.
  Time since last request: 43.409619 seconds.
  path: Assets/Banjo Kazooie - Assests/Rips/Gruntilda's Lair (Part 1)/textures/Shape.6.bmp
  artifactKey: Guid(adea966b0657d274cb7968668c1aca6f) Importer(815301076,1909f56bfc062723c751e8b465ee728b)
Start importing Assets/Banjo Kazooie - Assests/Rips/Gruntilda's Lair (Part 1)/textures/Shape.6.bmp using Guid(adea966b0657d274cb7968668c1aca6f) Importer(815301076,1909f56bfc062723c751e8b465ee728b)  -> (artifact id: '59dd0a9b375069c29f093f8641372aa1') in 0.015203 seconds
Number of updated asset objects reloaded before import = 0
Number of asset objects unloaded after import = 2
========================================================================
Received Import Request.
  Time since last request: 7.688230 seconds.
  path: Assets/Banjo Kazooie - Assests/Rips/Gruntilda's Lair (Part 1)/textures/Shape.5.bmp
  artifactKey: Guid(b237f6470def97946a29562444840279) Importer(815301076,1909f56bfc062723c751e8b465ee728b)
Start importing Assets/Banjo Kazooie - Assests/Rips/Gruntilda's Lair (Part 1)/textures/Shape.5.bmp using Guid(b237f6470def97946a29562444840279) Importer(815301076,1909f56bfc062723c751e8b465ee728b)  -> (artifact id: 'a63db8f03ad16ca98739b49f72be0d72') in 0.010660 seconds
Number of updated asset objects reloaded before import = 0
Number of asset objects unloaded after import = 2
========================================================================
Received Import Request.
  Time since last request: 38.173367 seconds.
  path: Assets/Banjo Kazooie - Assests/Rips/Gruntilda's Lair (Part 1)/textures/Shape.5.bmp
  artifactKey: Guid(b237f6470def97946a29562444840279) Importer(815301076,1909f56bfc062723c751e8b465ee728b)
Start importing Assets/Banjo Kazooie - Assests/Rips/Gruntilda's Lair (Part 1)/textures/Shape.5.bmp using Guid(b237f6470def97946a29562444840279) Importer(815301076,1909f56bfc062723c751e8b465ee728b)  -> (artifact id: '22270d68caf7975ca81ff54f1970ea12') in 0.020462 seconds
Number of updated asset objects reloaded before import = 0
Number of asset objects unloaded after import = 2
========================================================================
Received Import Request.
  Time since last request: 19.098863 seconds.
  path: Assets/Banjo Kazooie - Assests/Rips/Gruntilda's Lair (Part 1)/textures/Shape.504.bmp
  artifactKey: Guid(a569412b033d09c4fae59f0d066145b6) Importer(815301076,1909f56bfc062723c751e8b465ee728b)
Start importing Assets/Banjo Kazooie - Assests/Rips/Gruntilda's Lair (Part 1)/textures/Shape.504.bmp using Guid(a569412b033d09c4fae59f0d066145b6) Importer(815301076,1909f56bfc062723c751e8b465ee728b)  -> (artifact id: '4087555cd28823db956fa0d4a27ea1af') in 0.013274 seconds
Number of updated asset objects reloaded before import = 0
Number of asset objects unloaded after import = 2
========================================================================
Received Import Request.
  Time since last request: 35.419387 seconds.
  path: Assets/Banjo Kazooie - Assests/Rips/Gruntilda's Lair (Part 1)/textures/Shape.504.bmp
  artifactKey: Guid(a569412b033d09c4fae59f0d066145b6) Importer(815301076,1909f56bfc062723c751e8b465ee728b)
Start importing Assets/Banjo Kazooie - Assests/Rips/Gruntilda's Lair (Part 1)/textures/Shape.504.bmp using Guid(a569412b033d09c4fae59f0d066145b6) Importer(815301076,1909f56bfc062723c751e8b465ee728b)  -> (artifact id: '335b3e08546f8ff5c533e5ce9d1815c1') in 0.019152 seconds
Number of updated asset objects reloaded before import = 0
Number of asset objects unloaded after import = 2
========================================================================
Received Import Request.
  Time since last request: 16.453605 seconds.
  path: Assets/Banjo Kazooie - Assests/Rips/Gruntilda's Lair (Part 1)/textures/Shape.518.bmp
  artifactKey: Guid(31d2faea4b18bff449ed5ba219fd0ac2) Importer(815301076,1909f56bfc062723c751e8b465ee728b)
Start importing Assets/Banjo Kazooie - Assests/Rips/Gruntilda's Lair (Part 1)/textures/Shape.518.bmp using Guid(31d2faea4b18bff449ed5ba219fd0ac2) Importer(815301076,1909f56bfc062723c751e8b465ee728b)  -> (artifact id: '8cabce77cc8447729c5e514076a01efd') in 0.011622 seconds
Number of updated asset objects reloaded before import = 0
Number of asset objects unloaded after import = 2
========================================================================
Received Import Request.
  Time since last request: 28.595296 seconds.
  path: Assets/Banjo Kazooie - Assests/Rips/Gruntilda's Lair (Part 1)/textures/Shape.518.bmp
  artifactKey: Guid(31d2faea4b18bff449ed5ba219fd0ac2) Importer(815301076,1909f56bfc062723c751e8b465ee728b)
Start importing Assets/Banjo Kazooie - Assests/Rips/Gruntilda's Lair (Part 1)/textures/Shape.518.bmp using Guid(31d2faea4b18bff449ed5ba219fd0ac2) Importer(815301076,1909f56bfc062723c751e8b465ee728b)  -> (artifact id: 'f980353a89e0797b3d63bcd930d440b1') in 0.013944 seconds
Number of updated asset objects reloaded before import = 0
Number of asset objects unloaded after import = 2
========================================================================
Received Import Request.
  Time since last request: 16.139676 seconds.
  path: Assets/Banjo Kazooie - Assests/Rips/Gruntilda's Lair (Part 1)/textures/Shape.505.bmp
  artifactKey: Guid(1127581469529854880d56a061bb2b3c) Importer(815301076,1909f56bfc062723c751e8b465ee728b)
Start importing Assets/Banjo Kazooie - Assests/Rips/Gruntilda's Lair (Part 1)/textures/Shape.505.bmp using Guid(1127581469529854880d56a061bb2b3c) Importer(815301076,1909f56bfc062723c751e8b465ee728b)  -> (artifact id: 'a637f9a24f2712a0d538e5827fea981a') in 0.009851 seconds
Number of updated asset objects reloaded before import = 0
Number of asset objects unloaded after import = 2
========================================================================
Received Import Request.
  Time since last request: 33.905012 seconds.
  path: Assets/Banjo Kazooie - Assests/Rips/Gruntilda's Lair (Part 1)/textures/Shape.505.bmp
  artifactKey: Guid(1127581469529854880d56a061bb2b3c) Importer(815301076,1909f56bfc062723c751e8b465ee728b)
Start importing Assets/Banjo Kazooie - Assests/Rips/Gruntilda's Lair (Part 1)/textures/Shape.505.bmp using Guid(1127581469529854880d56a061bb2b3c) Importer(815301076,1909f56bfc062723c751e8b465ee728b)  -> (artifact id: 'f8bde874b0e2e8f4fb7a369108a7436b') in 0.014090 seconds
Number of updated asset objects reloaded before import = 0
Number of asset objects unloaded after import = 2
========================================================================
Received Import Request.
  Time since last request: 10.008955 seconds.
  path: Assets/Banjo Kazooie - Assests/Rips/Gruntilda's Lair (Part 1)/textures/Shape.512.bmp
  artifactKey: Guid(d812843e13e47314cbf6ce0abddb1006) Importer(815301076,1909f56bfc062723c751e8b465ee728b)
Start importing Assets/Banjo Kazooie - Assests/Rips/Gruntilda's Lair (Part 1)/textures/Shape.512.bmp using Guid(d812843e13e47314cbf6ce0abddb1006) Importer(815301076,1909f56bfc062723c751e8b465ee728b)  -> (artifact id: '9600e93db3ed3df843da072e1f4b83f9') in 0.009797 seconds
Number of updated asset objects reloaded before import = 0
Number of asset objects unloaded after import = 2
========================================================================
Received Import Request.
  Time since last request: 55.727002 seconds.
  path: Assets/Banjo Kazooie - Assests/Rips/Gruntilda's Lair (Part 1)/textures/Shape.512.bmp
  artifactKey: Guid(d812843e13e47314cbf6ce0abddb1006) Importer(815301076,1909f56bfc062723c751e8b465ee728b)
Start importing Assets/Banjo Kazooie - Assests/Rips/Gruntilda's Lair (Part 1)/textures/Shape.512.bmp using Guid(d812843e13e47314cbf6ce0abddb1006) Importer(815301076,1909f56bfc062723c751e8b465ee728b)  -> (artifact id: '7dc4fa8b2aee820e07e7a84eee2ef518') in 0.015087 seconds
Number of updated asset objects reloaded before import = 0
Number of asset objects unloaded after import = 2
========================================================================
Received Import Request.
  Time since last request: 131.082284 seconds.
  path: Assets/Banjo Kazooie - Assests/Rips/Gruntilda's Lair (Part 1)/textures/Shape.519.bmp
  artifactKey: Guid(3b94b4056bb60364da38351b89087374) Importer(815301076,1909f56bfc062723c751e8b465ee728b)
Start importing Assets/Banjo Kazooie - Assests/Rips/Gruntilda's Lair (Part 1)/textures/Shape.519.bmp using Guid(3b94b4056bb60364da38351b89087374) Importer(815301076,1909f56bfc062723c751e8b465ee728b)  -> (artifact id: '00be11faa7721630481a57bb32c48c17') in 0.017649 seconds
Number of updated asset objects reloaded before import = 0
Number of asset objects unloaded after import = 2
========================================================================
Received Import Request.
  Time since last request: 36.027473 seconds.
  path: Assets/Banjo Kazooie - Assests/Rips/Gruntilda's Lair (Part 1)/textures/Shape.519.bmp
  artifactKey: Guid(3b94b4056bb60364da38351b89087374) Importer(815301076,1909f56bfc062723c751e8b465ee728b)
Start importing Assets/Banjo Kazooie - Assests/Rips/Gruntilda's Lair (Part 1)/textures/Shape.519.bmp using Guid(3b94b4056bb60364da38351b89087374) Importer(815301076,1909f56bfc062723c751e8b465ee728b)  -> (artifact id: 'd0ff36c4af6f9faf1735b92001a0373c') in 0.021661 seconds
Number of updated asset objects reloaded before import = 0
Number of asset objects unloaded after import = 2
========================================================================
Received Import Request.
  Time since last request: 8.115371 seconds.
  path: Assets/Banjo Kazooie - Assests/Rips/Gruntilda's Lair (Part 1)/textures/Shape.510.bmp
  artifactKey: Guid(4795d3c4f4a7f07448bb691415b292fa) Importer(815301076,1909f56bfc062723c751e8b465ee728b)
Start importing Assets/Banjo Kazooie - Assests/Rips/Gruntilda's Lair (Part 1)/textures/Shape.510.bmp using Guid(4795d3c4f4a7f07448bb691415b292fa) Importer(815301076,1909f56bfc062723c751e8b465ee728b)  -> (artifact id: '820312fea1133b63f84f301cb878d486') in 0.014694 seconds
Number of updated asset objects reloaded before import = 0
Number of asset objects unloaded after import = 2
========================================================================
Received Import Request.
  Time since last request: 41.856698 seconds.
  path: Assets/Banjo Kazooie - Assests/Rips/Gruntilda's Lair (Part 1)/textures/Shape.510.bmp
  artifactKey: Guid(4795d3c4f4a7f07448bb691415b292fa) Importer(815301076,1909f56bfc062723c751e8b465ee728b)
Start importing Assets/Banjo Kazooie - Assests/Rips/Gruntilda's Lair (Part 1)/textures/Shape.510.bmp using Guid(4795d3c4f4a7f07448bb691415b292fa) Importer(815301076,1909f56bfc062723c751e8b465ee728b)  -> (artifact id: '25e451f87a19aea52a0e75995ab71b13') in 0.014968 seconds
Number of updated asset objects reloaded before import = 0
Number of asset objects unloaded after import = 2
========================================================================
Received Import Request.
  Time since last request: 6.535318 seconds.
  path: Assets/Banjo Kazooie - Assests/Rips/Gruntilda's Lair (Part 1)/textures/Shape.520.bmp
  artifactKey: Guid(6bdbe8bc43f1a354bbf951b0b6c4fca2) Importer(815301076,1909f56bfc062723c751e8b465ee728b)
Start importing Assets/Banjo Kazooie - Assests/Rips/Gruntilda's Lair (Part 1)/textures/Shape.520.bmp using Guid(6bdbe8bc43f1a354bbf951b0b6c4fca2) Importer(815301076,1909f56bfc062723c751e8b465ee728b)  -> (artifact id: '54eb15c8ea2f249f803051f7b0884486') in 0.015211 seconds
Number of updated asset objects reloaded before import = 0
Number of asset objects unloaded after import = 2
========================================================================
Received Import Request.
  Time since last request: 82.185100 seconds.
  path: Assets/Banjo Kazooie - Assests/Rips/Gruntilda's Lair (Part 1)/textures/Shape.520.bmp
  artifactKey: Guid(6bdbe8bc43f1a354bbf951b0b6c4fca2) Importer(815301076,1909f56bfc062723c751e8b465ee728b)
Start importing Assets/Banjo Kazooie - Assests/Rips/Gruntilda's Lair (Part 1)/textures/Shape.520.bmp using Guid(6bdbe8bc43f1a354bbf951b0b6c4fca2) Importer(815301076,1909f56bfc062723c751e8b465ee728b)  -> (artifact id: 'd06946ed5397d22e4650620548c94c13') in 0.016217 seconds
Number of updated asset objects reloaded before import = 0
Number of asset objects unloaded after import = 2
========================================================================
Received Import Request.
  Time since last request: 8.699336 seconds.
  path: Assets/Banjo Kazooie - Assests/Rips/Gruntilda's Lair (Part 1)/textures/Shape.506.bmp
  artifactKey: Guid(61b6f5e4c4146eb43961de0119f2c14b) Importer(815301076,1909f56bfc062723c751e8b465ee728b)
Start importing Assets/Banjo Kazooie - Assests/Rips/Gruntilda's Lair (Part 1)/textures/Shape.506.bmp using Guid(61b6f5e4c4146eb43961de0119f2c14b) Importer(815301076,1909f56bfc062723c751e8b465ee728b)  -> (artifact id: '6cf2d27c556b1299d0ef10bb3090a9aa') in 0.018870 seconds
Number of updated asset objects reloaded before import = 0
Number of asset objects unloaded after import = 2
========================================================================
Received Import Request.
  Time since last request: 74.372818 seconds.
  path: Assets/Banjo Kazooie - Assests/Rips/Gruntilda's Lair (Part 1)/textures/Shape.506.bmp
  artifactKey: Guid(61b6f5e4c4146eb43961de0119f2c14b) Importer(815301076,1909f56bfc062723c751e8b465ee728b)
Start importing Assets/Banjo Kazooie - Assests/Rips/Gruntilda's Lair (Part 1)/textures/Shape.506.bmp using Guid(61b6f5e4c4146eb43961de0119f2c14b) Importer(815301076,1909f56bfc062723c751e8b465ee728b)  -> (artifact id: '2c7addadd772c77eb917c90486c5e622') in 0.022004 seconds
Number of updated asset objects reloaded before import = 0
Number of asset objects unloaded after import = 2
========================================================================
Received Import Request.
  Time since last request: 8.522486 seconds.
  path: Assets/Banjo Kazooie - Assests/Rips/Gruntilda's Lair (Part 1)/textures/Shape.516.bmp
  artifactKey: Guid(70dd1976724f9fb43b2efb8b119f1791) Importer(815301076,1909f56bfc062723c751e8b465ee728b)
Start importing Assets/Banjo Kazooie - Assests/Rips/Gruntilda's Lair (Part 1)/textures/Shape.516.bmp using Guid(70dd1976724f9fb43b2efb8b119f1791) Importer(815301076,1909f56bfc062723c751e8b465ee728b)  -> (artifact id: 'e089e1213d7076de8a5df055a69a1301') in 0.014738 seconds
Number of updated asset objects reloaded before import = 0
Number of asset objects unloaded after import = 2
========================================================================
Received Import Request.
  Time since last request: 43.652850 seconds.
  path: Assets/Banjo Kazooie - Assests/Rips/Gruntilda's Lair (Part 1)/textures/Shape.516.bmp
  artifactKey: Guid(70dd1976724f9fb43b2efb8b119f1791) Importer(815301076,1909f56bfc062723c751e8b465ee728b)
Start importing Assets/Banjo Kazooie - Assests/Rips/Gruntilda's Lair (Part 1)/textures/Shape.516.bmp using Guid(70dd1976724f9fb43b2efb8b119f1791) Importer(815301076,1909f56bfc062723c751e8b465ee728b)  -> (artifact id: '36a233182ba235c8f4c5354efbe991e5') in 0.018305 seconds
Number of updated asset objects reloaded before import = 0
Number of asset objects unloaded after import = 2
========================================================================
Received Import Request.
  Time since last request: 7.253596 seconds.
  path: Assets/Banjo Kazooie - Assests/Rips/Gruntilda's Lair (Part 1)/textures/Shape.524.bmp
  artifactKey: Guid(9bff9e3220a48634a890cd67229823e7) Importer(815301076,1909f56bfc062723c751e8b465ee728b)
Start importing Assets/Banjo Kazooie - Assests/Rips/Gruntilda's Lair (Part 1)/textures/Shape.524.bmp using Guid(9bff9e3220a48634a890cd67229823e7) Importer(815301076,1909f56bfc062723c751e8b465ee728b)  -> (artifact id: 'c04312afaf10a7b42b2f47c5f899d0ce') in 0.016160 seconds
Number of updated asset objects reloaded before import = 0
Number of asset objects unloaded after import = 2
========================================================================
Received Import Request.
  Time since last request: 102.443263 seconds.
  path: Assets/Banjo Kazooie - Assests/Rips/Gruntilda's Lair (Part 1)/textures/Shape.524.bmp
  artifactKey: Guid(9bff9e3220a48634a890cd67229823e7) Importer(815301076,1909f56bfc062723c751e8b465ee728b)
Start importing Assets/Banjo Kazooie - Assests/Rips/Gruntilda's Lair (Part 1)/textures/Shape.524.bmp using Guid(9bff9e3220a48634a890cd67229823e7) Importer(815301076,1909f56bfc062723c751e8b465ee728b)  -> (artifact id: 'c1f60a1754265dbc4f9a16fd2b0c9ee9') in 0.024988 seconds
Number of updated asset objects reloaded before import = 0
Number of asset objects unloaded after import = 2
========================================================================
Received Import Request.
  Time since last request: 10.479073 seconds.
  path: Assets/Banjo Kazooie - Assests/Rips/Gruntilda's Lair (Part 1)/textures/Shape.511.bmp
  artifactKey: Guid(5aa826bafdb1a30458e3d4e02a3653ef) Importer(815301076,1909f56bfc062723c751e8b465ee728b)
Start importing Assets/Banjo Kazooie - Assests/Rips/Gruntilda's Lair (Part 1)/textures/Shape.511.bmp using Guid(5aa826bafdb1a30458e3d4e02a3653ef) Importer(815301076,1909f56bfc062723c751e8b465ee728b)  -> (artifact id: 'c73c5418f9bc0e3bfcac90b29ae1321d') in 0.019225 seconds
Number of updated asset objects reloaded before import = 0
Number of asset objects unloaded after import = 2
========================================================================
Received Import Request.
  Time since last request: 121.535813 seconds.
  path: Assets/Banjo Kazooie - Assests/Rips/Gruntilda's Lair (Part 1)/textures/Shape.511.bmp
  artifactKey: Guid(5aa826bafdb1a30458e3d4e02a3653ef) Importer(815301076,1909f56bfc062723c751e8b465ee728b)
Start importing Assets/Banjo Kazooie - Assests/Rips/Gruntilda's Lair (Part 1)/textures/Shape.511.bmp using Guid(5aa826bafdb1a30458e3d4e02a3653ef) Importer(815301076,1909f56bfc062723c751e8b465ee728b)  -> (artifact id: '33dba587384d73942f08e96bbeffa8a0') in 0.023195 seconds
Number of updated asset objects reloaded before import = 0
Number of asset objects unloaded after import = 2
========================================================================
Received Import Request.
  Time since last request: 6.993798 seconds.
  path: Assets/Banjo Kazooie - Assests/Rips/Gruntilda's Lair (Part 2)/textures/Shape.503.bmp
  artifactKey: Guid(376a64b5e267e164184d40560eaf8776) Importer(815301076,1909f56bfc062723c751e8b465ee728b)
Start importing Assets/Banjo Kazooie - Assests/Rips/Gruntilda's Lair (Part 2)/textures/Shape.503.bmp using Guid(376a64b5e267e164184d40560eaf8776) Importer(815301076,1909f56bfc062723c751e8b465ee728b)  -> (artifact id: 'e3e7941154b228bf9bb8a9a67ee105c5') in 0.021318 seconds
Number of updated asset objects reloaded before import = 0
Number of asset objects unloaded after import = 2
========================================================================
Received Import Request.
  Time since last request: 0.000088 seconds.
  path: Assets/Banjo Kazooie - Assests/Rips/Gruntilda's Lair (Part 2)/textures/Shape.507.bmp
  artifactKey: Guid(93e30cb667e81744794291e40505b968) Importer(815301076,1909f56bfc062723c751e8b465ee728b)
Start importing Assets/Banjo Kazooie - Assests/Rips/Gruntilda's Lair (Part 2)/textures/Shape.507.bmp using Guid(93e30cb667e81744794291e40505b968) Importer(815301076,1909f56bfc062723c751e8b465ee728b)  -> (artifact id: 'e2232ad2d2f0f15e60e121d38c244d4f') in 0.014364 seconds
Number of updated asset objects reloaded before import = 0
Number of asset objects unloaded after import = 2
========================================================================
Received Import Request.
  Time since last request: 0.000042 seconds.
  path: Assets/Banjo Kazooie - Assests/Rips/Gruntilda's Lair (Part 2)/textures/Shape.511.bmp
  artifactKey: Guid(8d1c906365aebf446ac21c50d81d18ca) Importer(815301076,1909f56bfc062723c751e8b465ee728b)
Start importing Assets/Banjo Kazooie - Assests/Rips/Gruntilda's Lair (Part 2)/textures/Shape.511.bmp using Guid(8d1c906365aebf446ac21c50d81d18ca) Importer(815301076,1909f56bfc062723c751e8b465ee728b)  -> (artifact id: 'c58a8b944b6f4268e10508e0321bccec') in 0.015814 seconds
Number of updated asset objects reloaded before import = 0
Number of asset objects unloaded after import = 2
========================================================================
Received Import Request.
  Time since last request: 0.000052 seconds.
  path: Assets/Banjo Kazooie - Assests/Rips/Gruntilda's Lair (Part 2)/textures/Shape.510.bmp
  artifactKey: Guid(d5dd3c8116b1f5a40881c68ed05badcf) Importer(815301076,1909f56bfc062723c751e8b465ee728b)
Start importing Assets/Banjo Kazooie - Assests/Rips/Gruntilda's Lair (Part 2)/textures/Shape.510.bmp using Guid(d5dd3c8116b1f5a40881c68ed05badcf) Importer(815301076,1909f56bfc062723c751e8b465ee728b)  -> (artifact id: '324a357b3ebbc448a2c729d54b20916d') in 0.022978 seconds
Number of updated asset objects reloaded before import = 0
Number of asset objects unloaded after import = 2
========================================================================
Received Import Request.
  Time since last request: 0.000055 seconds.
  path: Assets/Banjo Kazooie - Assests/Rips/Gobi's Valley/model/Shape.512.bmp
  artifactKey: Guid(9d59a1947d1950c44916d216d983e51b) Importer(815301076,1909f56bfc062723c751e8b465ee728b)
Start importing Assets/Banjo Kazooie - Assests/Rips/Gobi's Valley/model/Shape.512.bmp using Guid(9d59a1947d1950c44916d216d983e51b) Importer(815301076,1909f56bfc062723c751e8b465ee728b)  -> (artifact id: '94dda7bc0bcdf0868d3a836257990d5b') in 0.020327 seconds
Number of updated asset objects reloaded before import = 0
Number of asset objects unloaded after import = 2
========================================================================
Received Import Request.
  Time since last request: 0.000211 seconds.
  path: Assets/Banjo Kazooie - Assests/Rips/Gruntilda's Lair (Part 2)/textures/Shape.506.bmp
  artifactKey: Guid(52f29b1b497621e429fc4d8bffde6050) Importer(815301076,1909f56bfc062723c751e8b465ee728b)
Start importing Assets/Banjo Kazooie - Assests/Rips/Gruntilda's Lair (Part 2)/textures/Shape.506.bmp using Guid(52f29b1b497621e429fc4d8bffde6050) Importer(815301076,1909f56bfc062723c751e8b465ee728b)  -> (artifact id: '80f2447bb048b92c6ac8d278017974e3') in 0.015313 seconds
Number of updated asset objects reloaded before import = 0
Number of asset objects unloaded after import = 2
========================================================================
Received Import Request.
  Time since last request: 0.000129 seconds.
  path: Assets/Banjo Kazooie - Assests/Rips/Treasure Trove Cove/textures/Shape.512.png
  artifactKey: Guid(89f2ad2646ad1624391507860b3bde0e) Importer(815301076,1909f56bfc062723c751e8b465ee728b)
Start importing Assets/Banjo Kazooie - Assests/Rips/Treasure Trove Cove/textures/Shape.512.png using Guid(89f2ad2646ad1624391507860b3bde0e) Importer(815301076,1909f56bfc062723c751e8b465ee728b)  -> (artifact id: '67b74d7604be1fc51ff9f9e2a5bcf59d') in 0.015904 seconds
Number of updated asset objects reloaded before import = 0
Number of asset objects unloaded after import = 2
========================================================================
Received Import Request.
  Time since last request: 0.000047 seconds.
  path: Assets/Banjo Kazooie - Assests/Rips/Gruntilda's Lair (Part 1)/textures/Shape.513.bmp
  artifactKey: Guid(4e32aeaa3b308a349867c439a1c0f422) Importer(815301076,1909f56bfc062723c751e8b465ee728b)
Start importing Assets/Banjo Kazooie - Assests/Rips/Gruntilda's Lair (Part 1)/textures/Shape.513.bmp using Guid(4e32aeaa3b308a349867c439a1c0f422) Importer(815301076,1909f56bfc062723c751e8b465ee728b)  -> (artifact id: 'aaf6acd7d7ae326eec905f80e0b2c0d4') in 0.012964 seconds
Number of updated asset objects reloaded before import = 0
Number of asset objects unloaded after import = 2
========================================================================
Received Import Request.
  Time since last request: 0.000125 seconds.
  path: Assets/Banjo Kazooie - Assests/Rips/Gruntilda's Lair (Part 2)/textures/Shape.508.bmp
  artifactKey: Guid(29bb08a2dcad6ea4b8b38ba78dea0415) Importer(815301076,1909f56bfc062723c751e8b465ee728b)
Start importing Assets/Banjo Kazooie - Assests/Rips/Gruntilda's Lair (Part 2)/textures/Shape.508.bmp using Guid(29bb08a2dcad6ea4b8b38ba78dea0415) Importer(815301076,1909f56bfc062723c751e8b465ee728b)  -> (artifact id: '401dce43df604a7d28a163c41fb55a4a') in 0.012759 seconds
Number of updated asset objects reloaded before import = 0
Number of asset objects unloaded after import = 2
========================================================================
Received Import Request.
  Time since last request: 0.000091 seconds.
  path: Assets/Banjo Kazooie - Assests/Rips/Gruntilda's Lair (Part 2)/textures/Shape.509.bmp
  artifactKey: Guid(9dd820e7a1007d546afd9f34144af739) Importer(815301076,1909f56bfc062723c751e8b465ee728b)
Start importing Assets/Banjo Kazooie - Assests/Rips/Gruntilda's Lair (Part 2)/textures/Shape.509.bmp using Guid(9dd820e7a1007d546afd9f34144af739) Importer(815301076,1909f56bfc062723c751e8b465ee728b)  -> (artifact id: '013046bdf27fa8a934df9ae8094e9d4d') in 0.016655 seconds
Number of updated asset objects reloaded before import = 0
Number of asset objects unloaded after import = 2
========================================================================
Received Import Request.
  Time since last request: 0.000108 seconds.
  path: Assets/Banjo Kazooie - Assests/Rips/Treasure Trove Cove/textures/Shape.511.png
  artifactKey: Guid(f4fbb9d7c35e02140a44910c855c1f5e) Importer(815301076,1909f56bfc062723c751e8b465ee728b)
Start importing Assets/Banjo Kazooie - Assests/Rips/Treasure Trove Cove/textures/Shape.511.png using Guid(f4fbb9d7c35e02140a44910c855c1f5e) Importer(815301076,1909f56bfc062723c751e8b465ee728b)  -> (artifact id: 'ed28e1bac2584a8188170a0c6c46d712') in 0.021043 seconds
Number of updated asset objects reloaded before import = 0
Number of asset objects unloaded after import = 2
========================================================================
Received Import Request.
  Time since last request: 0.000091 seconds.
  path: Assets/Banjo Kazooie - Assests/Rips/Treasure Trove Cove/textures/Shape.513.png
  artifactKey: Guid(82010faf770c89241baeaacf71c739af) Importer(815301076,1909f56bfc062723c751e8b465ee728b)
Start importing Assets/Banjo Kazooie - Assests/Rips/Treasure Trove Cove/textures/Shape.513.png using Guid(82010faf770c89241baeaacf71c739af) Importer(815301076,1909f56bfc062723c751e8b465ee728b)  -> (artifact id: 'ee47c458b94ead3d11876d7d2ffb5a58') in 0.020536 seconds
Number of updated asset objects reloaded before import = 0
Number of asset objects unloaded after import = 2
========================================================================
Received Import Request.
  Time since last request: 0.000198 seconds.
  path: Assets/Banjo Kazooie - Assests/Rips/Gruntilda's Lair (Part 1)/textures/Shape.509.bmp
  artifactKey: Guid(da9ca7c31f5506c4ca4c77e6fc01f214) Importer(815301076,1909f56bfc062723c751e8b465ee728b)
Start importing Assets/Banjo Kazooie - Assests/Rips/Gruntilda's Lair (Part 1)/textures/Shape.509.bmp using Guid(da9ca7c31f5506c4ca4c77e6fc01f214) Importer(815301076,1909f56bfc062723c751e8b465ee728b)  -> (artifact id: '4c7eaf5b376267765c5a9f37ee421288') in 0.023728 seconds
Number of updated asset objects reloaded before import = 0
Number of asset objects unloaded after import = 2
========================================================================
Received Import Request.
  Time since last request: 0.000064 seconds.
  path: Assets/Banjo Kazooie - Assests/Rips/Gruntilda's Lair (Part 1)/textures/Shape.507.bmp
  artifactKey: Guid(be043faa02142f04c91b40f0b33dc0d3) Importer(815301076,1909f56bfc062723c751e8b465ee728b)
Start importing Assets/Banjo Kazooie - Assests/Rips/Gruntilda's Lair (Part 1)/textures/Shape.507.bmp using Guid(be043faa02142f04c91b40f0b33dc0d3) Importer(815301076,1909f56bfc062723c751e8b465ee728b)  -> (artifact id: '3110f1f5de0dcf3d46a5156b4c41c173') in 0.029884 seconds
Number of updated asset objects reloaded before import = 0
Number of asset objects unloaded after import = 2
========================================================================
Received Import Request.
  Time since last request: 82.178178 seconds.
  path: Assets/Banjo Kazooie - Assests/Rips/Gruntilda's Lair (Part 1)/textures/Shape.508.bmp
  artifactKey: Guid(8547b0bec36b95741ae4a3f11a28d399) Importer(815301076,1909f56bfc062723c751e8b465ee728b)
Start importing Assets/Banjo Kazooie - Assests/Rips/Gruntilda's Lair (Part 1)/textures/Shape.508.bmp using Guid(8547b0bec36b95741ae4a3f11a28d399) Importer(815301076,1909f56bfc062723c751e8b465ee728b)  -> (artifact id: 'a3789caf25a9880ba8086284cf86198b') in 0.020830 seconds
Number of updated asset objects reloaded before import = 0
Number of asset objects unloaded after import = 2
========================================================================
Received Import Request.
  Time since last request: 10.049610 seconds.
  path: Assets/Banjo Kazooie - Assests/Rips/Gruntilda's Lair (Part 1)/textures/Shape.517.bmp
  artifactKey: Guid(29470598327cf88488c9b3fda3068c16) Importer(815301076,1909f56bfc062723c751e8b465ee728b)
Start importing Assets/Banjo Kazooie - Assests/Rips/Gruntilda's Lair (Part 1)/textures/Shape.517.bmp using Guid(29470598327cf88488c9b3fda3068c16) Importer(815301076,1909f56bfc062723c751e8b465ee728b)  -> (artifact id: '08a01c23539a19feee730a0f49b98ea3') in 0.014767 seconds
Number of updated asset objects reloaded before import = 0
Number of asset objects unloaded after import = 2
========================================================================
Received Import Request.
  Time since last request: 39.834362 seconds.
  path: Assets/Banjo Kazooie - Assests/Rips/Gruntilda's Lair (Part 1)/textures/Shape.517.bmp
  artifactKey: Guid(29470598327cf88488c9b3fda3068c16) Importer(815301076,1909f56bfc062723c751e8b465ee728b)
Start importing Assets/Banjo Kazooie - Assests/Rips/Gruntilda's Lair (Part 1)/textures/Shape.517.bmp using Guid(29470598327cf88488c9b3fda3068c16) Importer(815301076,1909f56bfc062723c751e8b465ee728b)  -> (artifact id: '7a9ca7bf6591b0c10bc262167667a1ba') in 0.020276 seconds
Number of updated asset objects reloaded before import = 0
Number of asset objects unloaded after import = 2
========================================================================
Received Import Request.
  Time since last request: 175.239747 seconds.
  path: Assets/Banjo Kazooie - Assests/Rips/Gruntilda's Lair (Part 1)/textures/Shape.166.bmp
  artifactKey: Guid(006856b35eb0a3046ac7b8b7b4bcc700) Importer(815301076,1909f56bfc062723c751e8b465ee728b)
Start importing Assets/Banjo Kazooie - Assests/Rips/Gruntilda's Lair (Part 1)/textures/Shape.166.bmp using Guid(006856b35eb0a3046ac7b8b7b4bcc700) Importer(815301076,1909f56bfc062723c751e8b465ee728b)  -> (artifact id: 'f0526f97c0ff9f6a29a31af2695b3aa1') in 0.017764 seconds
Number of updated asset objects reloaded before import = 0
Number of asset objects unloaded after import = 2
========================================================================
Received Import Request.
  Time since last request: 77.637044 seconds.
  path: Assets/Banjo Kazooie - Assests/Rips/Gruntilda's Lair (Part 1)/textures/Shape.166.bmp
  artifactKey: Guid(006856b35eb0a3046ac7b8b7b4bcc700) Importer(815301076,1909f56bfc062723c751e8b465ee728b)
Start importing Assets/Banjo Kazooie - Assests/Rips/Gruntilda's Lair (Part 1)/textures/Shape.166.bmp using Guid(006856b35eb0a3046ac7b8b7b4bcc700) Importer(815301076,1909f56bfc062723c751e8b465ee728b)  -> (artifact id: '9db897fb606e18df4bca9a5c02795977') in 0.025741 seconds
Number of updated asset objects reloaded before import = 0
Number of asset objects unloaded after import = 2
========================================================================
Received Import Request.
  Time since last request: 16.879662 seconds.
  path: Assets/Banjo Kazooie - Assests/Rips/Gruntilda's Lair (Part 1)/textures/Shape.200.bmp
  artifactKey: Guid(e4e3a4e7f1db48f488ddd32132f2dae8) Importer(815301076,1909f56bfc062723c751e8b465ee728b)
Start importing Assets/Banjo Kazooie - Assests/Rips/Gruntilda's Lair (Part 1)/textures/Shape.200.bmp using Guid(e4e3a4e7f1db48f488ddd32132f2dae8) Importer(815301076,1909f56bfc062723c751e8b465ee728b)  -> (artifact id: '8965083eca654db32fe1b2bf651d934d') in 0.019317 seconds
Number of updated asset objects reloaded before import = 0
Number of asset objects unloaded after import = 2
========================================================================
Received Import Request.
  Time since last request: 51.215817 seconds.
  path: Assets/Banjo Kazooie - Assests/Rips/Gruntilda's Lair (Part 1)/textures/Shape.200.bmp
  artifactKey: Guid(e4e3a4e7f1db48f488ddd32132f2dae8) Importer(815301076,1909f56bfc062723c751e8b465ee728b)
Start importing Assets/Banjo Kazooie - Assests/Rips/Gruntilda's Lair (Part 1)/textures/Shape.200.bmp using Guid(e4e3a4e7f1db48f488ddd32132f2dae8) Importer(815301076,1909f56bfc062723c751e8b465ee728b)  -> (artifact id: 'ab57aa5963b1ba7a03bf7baeb1a16547') in 0.020485 seconds
Number of updated asset objects reloaded before import = 0
Number of asset objects unloaded after import = 2
========================================================================
Received Import Request.
  Time since last request: 10.101655 seconds.
  path: Assets/Banjo Kazooie - Assests/Rips/Gruntilda's Lair (Part 1)/textures/Shape.188.bmp
  artifactKey: Guid(1eab3c8b2413b62479efb29d6c26ee21) Importer(815301076,1909f56bfc062723c751e8b465ee728b)
Start importing Assets/Banjo Kazooie - Assests/Rips/Gruntilda's Lair (Part 1)/textures/Shape.188.bmp using Guid(1eab3c8b2413b62479efb29d6c26ee21) Importer(815301076,1909f56bfc062723c751e8b465ee728b)  -> (artifact id: '68ef8b7797b2e72f7b4c84a14a0da677') in 0.017223 seconds
Number of updated asset objects reloaded before import = 0
Number of asset objects unloaded after import = 2
========================================================================
Received Import Request.
  Time since last request: 42.279440 seconds.
  path: Assets/Banjo Kazooie - Assests/Rips/Gruntilda's Lair (Part 1)/textures/Shape.188.bmp
  artifactKey: Guid(1eab3c8b2413b62479efb29d6c26ee21) Importer(815301076,1909f56bfc062723c751e8b465ee728b)
Start importing Assets/Banjo Kazooie - Assests/Rips/Gruntilda's Lair (Part 1)/textures/Shape.188.bmp using Guid(1eab3c8b2413b62479efb29d6c26ee21) Importer(815301076,1909f56bfc062723c751e8b465ee728b)  -> (artifact id: 'b910d044bca8fafc824a49532075f1c1') in 0.025374 seconds
Number of updated asset objects reloaded before import = 0
Number of asset objects unloaded after import = 2
========================================================================
Received Prepare
Shader 'Custom/AdditiveTintable': fallback shader 'Particles/Additive (Soft)' not found
Shader 'Enviro/Lite/SkyboxSimple': fallback shader 'None' not found
Refreshing native plugins compatible for Editor in 199.83 ms, found 2 plugins.
Preloading 0 native plugins for Editor in 0.00 ms.
Unloading 10 Unused Serialized files (Serialized files now loaded: 0)
Unloading 11 unused Assets / (1.1 MB). Loaded Objects now: 3041.
Memory consumption went from 226.5 MB to 225.4 MB.
Total: 284.852300 ms (FindLiveObjects: 4.420600 ms CreateObjectMapping: 0.558600 ms MarkObjects: 278.054300 ms  DeleteObjects: 1.814500 ms)

Prepare: number of updated asset objects reloaded= 0
AssetImportParameters requested are different than current active one (requested -> active):
  custom:video-decoder-webm-vp8: 9c59270c3fd7afecdb556c50c9e8de78 -> 
  custom:SearchIndexIgnoredProperties: e643bd26f0fe6173181afceb89e7c659 -> 
  custom:container-demuxer-ogg: 62fdf1f143b41e24485cea50d1cbac27 -> 
  custom:AudioImporter_EditorPlatform: d09bf68614088b80899f8185d706f6e7 -> 
  custom:video-decoder-ogg-theora: a1e56fd34408186e4bbccfd4996cb3dc -> 
  custom:framework-win-MediaFoundation: 216162199b28c13a410421893ffa2e32 -> 
  custom:video-encoder-webm-vp8: eb34c28f22e8b96e1ab97ce403110664 -> 
  custom:audio-decoder-ogg-vorbis: bf7c407c2cedff20999df2af8eb42d56 -> 
  custom:CustomObjectIndexerAttribute: 9a22284fe3817be447336de3de66b15e -> 
  custom:container-demuxer-webm: 4f35f7cbe854078d1ac9338744f61a02 -> 
  custom:audio-encoder-webm-vorbis: bf7c407c2cedff20999df2af8eb42d56 -> 
  custom:container-muxer-webm: aa71ff27fc2769a1b78a27578f13a17b -> 
